#
# A fatal error has been detected by the Java Runtime Environment:
#
#  EXCEPTION_ACCESS_VIOLATION (0xc0000005) at pc=0x000000005cf75960, pid=5776, tid=2932
#
# JRE version: Java(TM) SE Runtime Environment (8.0_65-b17) (build 1.8.0_65-b17)
# Java VM: Java HotSpot(TM) 64-Bit Server VM (25.65-b01 mixed mode windows-amd64 compressed oops)
# Problematic frame:
# V  [jvm.dll+0x25960]
#
# Failed to write core dump. Minidumps are not enabled by default on client versions of Windows
#
# If you would like to submit a bug report, please visit:
#   http://bugreport.java.com/bugreport/crash.jsp
#

---------------  T H R E A D  ---------------

Current thread (0x0000000056a11000):  JavaThread "C1 CompilerThread2" daemon [_thread_in_vm, id=2932, stack(0x0000000056e10000,0x0000000056f10000)]

siginfo: ExceptionCode=0xc0000005, reading address 0xffffffffffffffff

Registers:
RAX=0x0000000056a11000, RBX=0x00000000026a6150, RCX=0x0000000055134750, RDX=0x0000000000000018
RSP=0x0000000056f0f3e8, RBP=0x0000000055134750, RSI=0x0000000000000000, RDI=0x00000000026a61a0
R8 =0x0000000000000000, R9 =0x0000000000000006, R10=0x0000000002e8b0f0, R11=0x0000000002e8b320
R12=0x0000000056a11a10, R13=0x0000000056a11a50, R14=0x0000000056a11df8, R15=0x00000000000003d8
RIP=0x000000005cf75960, EFLAGS=0x0000000000010202

Top of Stack: (sp=0x0000000056f0f3e8)
0x0000000056f0f3e8:   000000005cfe7b5b 00000000026a6150
0x0000000056f0f3f8:   0000000000000000 0000000000000000
0x0000000056f0f408:   0000000002e8afd0 0000000000000000
0x0000000056f0f418:   0000000002e8b208 0000000002e8b2f0
0x0000000056f0f428:   0000000002e8afd0 0000000002e8c9bf
0x0000000056f0f438:   000000000000000a 0000000056f0f438
0x0000000056f0f448:   000028ee7d010000 0000000002e8b300
0x0000000056f0f458:   0000000002e8b300 0000000002e8ccc0
0x0000000056f0f468:   0000000002e8b300 0000000002e8ccc0
0x0000000056f0f478:   0000000002e8ce08 000000005d5372c8
0x0000000056f0f488:   0000000056f0f410 0000000002e8c00d
0x0000000056f0f498:   000000005cfde252 00000000001fdb90
0x0000000056f0f4a8:   000000005d164eb5 00000000000001c2
0x0000000056f0f4b8:   00000000000001f0 00000000000000f4
0x0000000056f0f4c8:   0000000000000000 0000000056a11000
0x0000000056f0f4d8:   000000005d188754 00000000001fdb90 

Instructions: (pc=0x000000005cf75960)
0x000000005cf75940:   c0 48 89 51 20 48 89 51 28 48 8d 0c 42 41 c6 41
0x000000005cf75950:   40 00 49 89 49 30 f3 c3 cc cc cc cc cc cc cc cc
0x000000005cf75960:   48 89 5c 24 08 48 89 74 24 10 57 48 83 ec 20 48
0x000000005cf75970:   83 c8 ff 48 8d 7a 0f 41 8b f0 48 83 e7 f0 48 8b 


Register to memory mapping:

RAX=0x0000000056a11000 is a thread
RBX=0x00000000026a6150 is at code_begin+-80 in 
[CodeBlob (0x00000000026a6150)]
Framesize: 88
Runtime Stub (0x00000000026a6150): resolve_opt_virtual_call
RCX=0x0000000055134750 is an unknown value
RDX=0x0000000000000018 is an unknown value
RSP=0x0000000056f0f3e8 is pointing into the stack for thread: 0x0000000056a11000
RBP=0x0000000055134750 is an unknown value
RSI=0x0000000000000000 is an unknown value
RDI=0x00000000026a61a0 is at code_begin+0 in 
[CodeBlob (0x00000000026a6150)]
Framesize: 88
Runtime Stub (0x00000000026a6150): resolve_opt_virtual_call
R8 =0x0000000000000000 is an unknown value
R9 =0x0000000000000006 is an unknown value
R10=0x0000000002e8b0f0 is at entry_point+-528 in (nmethod*)0x0000000002e8afd0
R11=0x0000000002e8b320 is at entry_point+32 in (nmethod*)0x0000000002e8afd0
R12=0x0000000056a11a10 is an unknown value
R13=0x0000000056a11a50 is an unknown value
R14=0x0000000056a11df8 is an unknown value
R15=0x00000000000003d8 is an unknown value


Stack: [0x0000000056e10000,0x0000000056f10000],  sp=0x0000000056f0f3e8,  free space=1020k
Native frames: (J=compiled Java code, j=interpreted, Vv=VM code, C=native code)
V  [jvm.dll+0x25960]
V  [jvm.dll+0x97b5b]
V  [jvm.dll+0x238754]
V  [jvm.dll+0x238bdc]
V  [jvm.dll+0x238f2c]
V  [jvm.dll+0xa4b77]
V  [jvm.dll+0xa4e50]
V  [jvm.dll+0x243144]
V  [jvm.dll+0x299f7a]
C  [msvcr100.dll+0x21d9f]
C  [msvcr100.dll+0x21e3b]
C  [kernel32.dll+0x159ed]
C  [ntdll.dll+0x2b371]


---------------  P R O C E S S  ---------------

Java Threads: ( => current thread )
  0x0000000058a64800 JavaThread "stdout" daemon [_thread_blocked, id=6844, stack(0x0000000063be0000,0x0000000063ce0000)]
  0x0000000058a63800 JavaThread "stderr" daemon [_thread_in_native, id=6836, stack(0x0000000064e00000,0x0000000064f00000)]
  0x0000000058b75000 JavaThread "stdout" daemon [_thread_blocked, id=6816, stack(0x0000000064c80000,0x0000000064d80000)]
  0x0000000058b74000 JavaThread "stderr" daemon [_thread_in_native, id=6812, stack(0x0000000064680000,0x0000000064780000)]
  0x0000000058b73800 JavaThread "stdout" daemon [_thread_blocked, id=6780, stack(0x0000000064ad0000,0x0000000064bd0000)]
  0x0000000058b72800 JavaThread "stderr" daemon [_thread_in_native, id=6776, stack(0x00000000649a0000,0x0000000064aa0000)]
  0x0000000058b72000 JavaThread "stdout" daemon [_thread_blocked, id=6748, stack(0x00000000647a0000,0x00000000648a0000)]
  0x0000000058b71000 JavaThread "stderr" daemon [_thread_in_native, id=6736, stack(0x0000000064580000,0x0000000064680000)]
  0x0000000058b70800 JavaThread "stdout" daemon [_thread_blocked, id=6724, stack(0x0000000064420000,0x0000000064520000)]
  0x0000000058b6f800 JavaThread "stderr" daemon [_thread_in_native, id=6720, stack(0x0000000064210000,0x0000000064310000)]
  0x0000000058b6f000 JavaThread "stdout" daemon [_thread_blocked, id=6704, stack(0x0000000064050000,0x0000000064150000)]
  0x0000000058b6e000 JavaThread "stderr" daemon [_thread_in_native, id=6700, stack(0x0000000063f50000,0x0000000064050000)]
  0x000000005b472000 JavaThread "stdout" daemon [_thread_blocked, id=6668, stack(0x0000000061f60000,0x0000000062060000)]
  0x000000005b471000 JavaThread "stderr" daemon [_thread_in_native, id=6664, stack(0x0000000063d20000,0x0000000063e20000)]
  0x000000005b470800 JavaThread "stdout" daemon [_thread_blocked, id=6652, stack(0x00000000637a0000,0x00000000638a0000)]
  0x000000005b46f800 JavaThread "stderr" daemon [_thread_in_native, id=6648, stack(0x00000000639d0000,0x0000000063ad0000)]
  0x000000005b46f000 JavaThread "stdout" daemon [_thread_blocked, id=6644, stack(0x0000000063ae0000,0x0000000063be0000)]
  0x000000005b46e000 JavaThread "stderr" daemon [_thread_in_native, id=6632, stack(0x0000000062c40000,0x0000000062d40000)]
  0x000000005b46d800 JavaThread "stdout" daemon [_thread_in_native, id=6620, stack(0x00000000638b0000,0x00000000639b0000)]
  0x000000005b46c800 JavaThread "stderr" daemon [_thread_in_native, id=6616, stack(0x0000000063670000,0x0000000063770000)]
  0x000000005b46c000 JavaThread "stdout" daemon [_thread_blocked, id=6604, stack(0x00000000634a0000,0x00000000635a0000)]
  0x000000005b46b000 JavaThread "stderr" daemon [_thread_in_native, id=6600, stack(0x0000000063380000,0x0000000063480000)]
  0x000000005c4b7000 JavaThread "stdout" daemon [_thread_blocked, id=6588, stack(0x0000000063200000,0x0000000063300000)]
  0x000000005c4b6000 JavaThread "stderr" daemon [_thread_in_native, id=6584, stack(0x0000000063080000,0x0000000063180000)]
  0x000000005c4b5800 JavaThread "png-cruncher_20" daemon [_thread_blocked, id=6572, stack(0x00000000627f0000,0x00000000628f0000)]
  0x000000005c4b4800 JavaThread "png-cruncher_19" daemon [_thread_blocked, id=6568, stack(0x0000000062f50000,0x0000000063050000)]
  0x000000005c4b4000 JavaThread "png-cruncher_18" daemon [_thread_blocked, id=6564, stack(0x00000000623b0000,0x00000000624b0000)]
  0x000000005c4b3000 JavaThread "png-cruncher_17" daemon [_thread_blocked, id=6560, stack(0x00000000626f0000,0x00000000627f0000)]
  0x000000005c4b2800 JavaThread "png-cruncher_16" daemon [_thread_blocked, id=6556, stack(0x0000000062500000,0x0000000062600000)]
  0x000000005c4b1800 JavaThread "png-cruncher_15" daemon [_thread_blocked, id=6552, stack(0x0000000062db0000,0x0000000062eb0000)]
  0x000000005c4b1000 JavaThread "png-cruncher_14" daemon [_thread_blocked, id=6548, stack(0x0000000061800000,0x0000000061900000)]
  0x000000005c4b0000 JavaThread "png-cruncher_13" daemon [_thread_blocked, id=6544, stack(0x0000000062a40000,0x0000000062b40000)]
  0x0000000058b6d000 JavaThread "png-cruncher_12" daemon [_thread_blocked, id=6540, stack(0x0000000062b40000,0x0000000062c40000)]
  0x0000000058b6c000 JavaThread "png-cruncher_11" daemon [_thread_blocked, id=6536, stack(0x0000000062910000,0x0000000062a10000)]
  0x0000000058b6b800 JavaThread "stdout" daemon [_thread_blocked, id=6532, stack(0x0000000060a90000,0x0000000060b90000)]
  0x0000000058b6a800 JavaThread "stderr" daemon [_thread_in_native, id=6528, stack(0x0000000062240000,0x0000000062340000)]
  0x0000000058b6a000 JavaThread "stdout" daemon [_thread_blocked, id=6524, stack(0x0000000061460000,0x0000000061560000)]
  0x0000000058b69000 JavaThread "stderr" daemon [_thread_in_native, id=6520, stack(0x0000000062070000,0x0000000062170000)]
  0x0000000058b68800 JavaThread "stdout" daemon [_thread_blocked, id=6516, stack(0x0000000061570000,0x0000000061670000)]
  0x0000000058b67800 JavaThread "stderr" daemon [_thread_in_native, id=6512, stack(0x000000005f380000,0x000000005f480000)]
  0x0000000058b67000 JavaThread "png-cruncher_10" daemon [_thread_blocked, id=6492, stack(0x0000000061e50000,0x0000000061f50000)]
  0x0000000058b66000 JavaThread "png-cruncher_9" daemon [_thread_blocked, id=6488, stack(0x0000000061cd0000,0x0000000061dd0000)]
  0x00000000582d5000 JavaThread "png-cruncher_8" daemon [_thread_blocked, id=6484, stack(0x0000000061ae0000,0x0000000061be0000)]
  0x00000000582d4000 JavaThread "png-cruncher_7" daemon [_thread_blocked, id=6480, stack(0x0000000061910000,0x0000000061a10000)]
  0x00000000582d3800 JavaThread "png-cruncher_6" daemon [_thread_blocked, id=6476, stack(0x0000000061700000,0x0000000061800000)]
  0x00000000582d2800 JavaThread "png-cruncher_5" daemon [_thread_blocked, id=6464, stack(0x000000005cba0000,0x000000005cca0000)]
  0x00000000582d2000 JavaThread "png-cruncher_4" daemon [_thread_blocked, id=6460, stack(0x00000000612e0000,0x00000000613e0000)]
  0x00000000582d1000 JavaThread "png-cruncher_3" daemon [_thread_blocked, id=6456, stack(0x0000000061160000,0x0000000061260000)]
  0x00000000582d0800 JavaThread "png-cruncher_2" daemon [_thread_blocked, id=6452, stack(0x0000000059100000,0x0000000059200000)]
  0x00000000582cf800 JavaThread "png-cruncher_1" daemon [_thread_blocked, id=6448, stack(0x0000000061010000,0x0000000061110000)]
  0x00000000582cf000 JavaThread "pool-1-thread-4" [_thread_blocked, id=6444, stack(0x0000000060f10000,0x0000000061010000)]
  0x00000000582ce000 JavaThread "pool-1-thread-3" [_thread_blocked, id=6440, stack(0x000000005a910000,0x000000005aa10000)]
  0x00000000582cd800 JavaThread "pool-1-thread-2" [_thread_blocked, id=6436, stack(0x0000000060db0000,0x0000000060eb0000)]
  0x00000000582cc000 JavaThread "pool-1-thread-1" [_thread_blocked, id=6432, stack(0x0000000057060000,0x0000000057160000)]
  0x00000000582c9800 JavaThread "Stdin handler" [_thread_blocked, id=6388, stack(0x000000005ef70000,0x000000005f070000)]
  0x00000000582c7800 JavaThread "Cancel handler" [_thread_blocked, id=6384, stack(0x0000000059560000,0x0000000059660000)]
  0x00000000582c9000 JavaThread "Handler for socket connection from /127.0.0.1:56059 to /127.0.0.1:56200" [_thread_in_native, id=6380, stack(0x00000000593d0000,0x00000000594d0000)]
  0x00000000582c8000 JavaThread "Daemon worker Thread 2" [_thread_blocked, id=6324, stack(0x000000005aa20000,0x000000005ab20000)]
  0x00000000582c6800 JavaThread "Daemon Thread 2" [_thread_blocked, id=6312, stack(0x0000000059200000,0x0000000059300000)]
  0x00000000582ca800 JavaThread "File lock request listener" [_thread_in_native, id=4592, stack(0x0000000059df0000,0x0000000059ef0000)]
  0x00000000582c6000 JavaThread "Incoming local TCP Connector on port 56059" [_thread_in_native, id=3516, stack(0x0000000057b90000,0x0000000057c90000)]
  0x0000000056a7c800 JavaThread "Service Thread" daemon [_thread_blocked, id=3960, stack(0x0000000056f60000,0x0000000057060000)]
=>0x0000000056a11000 JavaThread "C1 CompilerThread2" daemon [_thread_in_vm, id=2932, stack(0x0000000056e10000,0x0000000056f10000)]
  0x000000005513f800 JavaThread "C2 CompilerThread1" daemon [_thread_blocked, id=5316, stack(0x0000000056750000,0x0000000056850000)]
  0x0000000055138000 JavaThread "C2 CompilerThread0" daemon [_thread_blocked, id=2648, stack(0x0000000056910000,0x0000000056a10000)]
  0x0000000055133800 JavaThread "Attach Listener" daemon [_thread_blocked, id=5564, stack(0x00000000564f0000,0x00000000565f0000)]
  0x0000000055132000 JavaThread "Signal Dispatcher" daemon [_thread_blocked, id=4604, stack(0x0000000056620000,0x0000000056720000)]
  0x00000000550d8000 JavaThread "Finalizer" daemon [_thread_blocked, id=4788, stack(0x0000000056340000,0x0000000056440000)]
  0x00000000550d1000 JavaThread "Reference Handler" daemon [_thread_blocked, id=5144, stack(0x00000000560e0000,0x00000000561e0000)]
  0x00000000001ff000 JavaThread "main" [_thread_blocked, id=5908, stack(0x0000000002290000,0x0000000002390000)]

Other Threads:
  0x00000000550cb800 VMThread [stack: 0x0000000056200000,0x0000000056300000] [id=5160]
  0x0000000056a9a800 WatcherThread [stack: 0x0000000057250000,0x0000000057350000] [id=5892]

VM state:synchronizing (normal execution)

VM Mutex/Monitor currently owned by a thread:  ([mutex/lock_event])
[0x00000000001fd510] Threads_lock - owner thread: 0x00000000550cb800
[0x00000000001fdb90] CompiledIC_lock - owner thread: 0x0000000056a11000

Heap:
 PSYoungGen      total 305152K, used 239920K [0x00000000eab00000, 0x00000000fe380000, 0x0000000100000000)
  eden space 292352K, 82% used [0x00000000eab00000,0x00000000f954c2e0,0x00000000fc880000)
  from space 12800K, 0% used [0x00000000fd700000,0x00000000fd700000,0x00000000fe380000)
  to   space 13824K, 0% used [0x00000000fc880000,0x00000000fc880000,0x00000000fd600000)
 ParOldGen       total 61952K, used 42558K [0x00000000c0000000, 0x00000000c3c80000, 0x00000000eab00000)
  object space 61952K, 68% used [0x00000000c0000000,0x00000000c298f898,0x00000000c3c80000)
 Metaspace       used 48320K, capacity 50790K, committed 51072K, reserved 1093632K
  class space    used 6600K, capacity 7188K, committed 7296K, reserved 1048576K

Card table byte_map: [0x0000000011a20000,0x0000000011c30000] byte_map_base: 0x0000000011420000

Marking Bits: (ParMarkBitMap*) 0x000000005d75a5b0
 Begin Bits: [0x0000000012540000, 0x0000000013540000)
 End Bits:   [0x0000000013540000, 0x0000000014540000)

Polling page: 0x0000000001c70000

CodeCache: size=245760Kb used=25847Kb max_used=25897Kb free=219912Kb
 bounds [0x0000000002660000, 0x0000000003fd0000, 0x0000000011660000]
 total_blobs=7910 nmethods=7200 adapters=621
 compilation: enabled

Compilation events (10 events):
Event: 680.741 Thread 0x0000000056a11000 nmethod 8280 0x0000000003f908d0 code [0x0000000003f90a20, 0x0000000003f90bb0]
Event: 680.742 Thread 0x0000000056a11000 8281       3       java.security.AccessControlContext::combine (205 bytes)
Event: 680.743 Thread 0x0000000056a11000 nmethod 8281 0x00000000027cb2d0 code [0x00000000027cb4c0, 0x00000000027cbf98]
Event: 680.770 Thread 0x0000000055138000 nmethod 8234 0x0000000003fae110 code [0x0000000003faeaa0, 0x0000000003fb87d0]
Event: 680.814 Thread 0x000000005513f800 8282       4       java.lang.String::isEmpty (14 bytes)
Event: 680.814 Thread 0x0000000056a11000 8283       1       com.android.ide.common.res2.MergedResourceWriter::access$700 (5 bytes)
Event: 680.814 Thread 0x0000000056a11000 nmethod 8283 0x0000000003f96f50 code [0x0000000003f970a0, 0x0000000003f97190]
Event: 680.814 Thread 0x000000005513f800 nmethod 8282 0x00000000027b6c50 code [0x00000000027b6d80, 0x00000000027b6df8]
Event: 680.882 Thread 0x0000000055138000 8288       4       com.google.common.base.Preconditions::checkNotNull (14 bytes)
Event: 680.882 Thread 0x0000000055138000 nmethod 8288 0x0000000003bb8850 code [0x0000000003bb8980, 0x0000000003bb89d8]

GC Heap History (10 events):
Event: 44.047 GC heap before
{Heap before GC invocations=16 (full 2):
 PSYoungGen      total 152576K, used 71366K [0x00000000eab00000, 0x00000000f9400000, 0x0000000100000000)
  eden space 141312K, 42% used [0x00000000eab00000,0x00000000ee5b95a0,0x00000000f3500000)
  from space 11264K, 99% used [0x00000000f3500000,0x00000000f3ff8320,0x00000000f4000000)
  to   space 16384K, 0% used [0x00000000f8400000,0x00000000f8400000,0x00000000f9400000)
 ParOldGen       total 61952K, used 25920K [0x00000000c0000000, 0x00000000c3c80000, 0x00000000eab00000)
  object space 61952K, 41% used [0x00000000c0000000,0x00000000c1950330,0x00000000c3c80000)
 Metaspace       used 42867K, capacity 44480K, committed 44672K, reserved 1087488K
  class space    used 5981K, capacity 6404K, committed 6528K, reserved 1048576K
Event: 44.091 GC heap after
Heap after GC invocations=16 (full 2):
 PSYoungGen      total 220160K, used 5705K [0x00000000eab00000, 0x00000000f9200000, 0x0000000100000000)
  eden space 205824K, 0% used [0x00000000eab00000,0x00000000eab00000,0x00000000f7400000)
  from space 14336K, 39% used [0x00000000f8400000,0x00000000f89925c0,0x00000000f9200000)
  to   space 15360K, 0% used [0x00000000f7400000,0x00000000f7400000,0x00000000f8300000)
 ParOldGen       total 61952K, used 37157K [0x00000000c0000000, 0x00000000c3c80000, 0x00000000eab00000)
  object space 61952K, 59% used [0x00000000c0000000,0x00000000c2449730,0x00000000c3c80000)
 Metaspace       used 42867K, capacity 44480K, committed 44672K, reserved 1087488K
  class space    used 5981K, capacity 6404K, committed 6528K, reserved 1048576K
}
Event: 44.091 GC heap before
{Heap before GC invocations=17 (full 3):
 PSYoungGen      total 220160K, used 5705K [0x00000000eab00000, 0x00000000f9200000, 0x0000000100000000)
  eden space 205824K, 0% used [0x00000000eab00000,0x00000000eab00000,0x00000000f7400000)
  from space 14336K, 39% used [0x00000000f8400000,0x00000000f89925c0,0x00000000f9200000)
  to   space 15360K, 0% used [0x00000000f7400000,0x00000000f7400000,0x00000000f8300000)
 ParOldGen       total 61952K, used 37157K [0x00000000c0000000, 0x00000000c3c80000, 0x00000000eab00000)
  object space 61952K, 59% used [0x00000000c0000000,0x00000000c2449730,0x00000000c3c80000)
 Metaspace       used 42867K, capacity 44480K, committed 44672K, reserved 1087488K
  class space    used 5981K, capacity 6404K, committed 6528K, reserved 1048576K
Event: 44.483 GC heap after
Heap after GC invocations=17 (full 3):
 PSYoungGen      total 220160K, used 0K [0x00000000eab00000, 0x00000000f9200000, 0x0000000100000000)
  eden space 205824K, 0% used [0x00000000eab00000,0x00000000eab00000,0x00000000f7400000)
  from space 14336K, 0% used [0x00000000f8400000,0x00000000f8400000,0x00000000f9200000)
  to   space 15360K, 0% used [0x00000000f7400000,0x00000000f7400000,0x00000000f8300000)
 ParOldGen       total 61952K, used 37537K [0x00000000c0000000, 0x00000000c3c80000, 0x00000000eab00000)
  object space 61952K, 60% used [0x00000000c0000000,0x00000000c24a87c0,0x00000000c3c80000)
 Metaspace       used 42867K, capacity 44480K, committed 44672K, reserved 1087488K
  class space    used 5981K, capacity 6404K, committed 6528K, reserved 1048576K
}
Event: 671.714 GC heap before
{Heap before GC invocations=18 (full 3):
 PSYoungGen      total 220160K, used 205824K [0x00000000eab00000, 0x00000000f9200000, 0x0000000100000000)
  eden space 205824K, 100% used [0x00000000eab00000,0x00000000f7400000,0x00000000f7400000)
  from space 14336K, 0% used [0x00000000f8400000,0x00000000f8400000,0x00000000f9200000)
  to   space 15360K, 0% used [0x00000000f7400000,0x00000000f7400000,0x00000000f8300000)
 ParOldGen       total 61952K, used 37537K [0x00000000c0000000, 0x00000000c3c80000, 0x00000000eab00000)
  object space 61952K, 60% used [0x00000000c0000000,0x00000000c24a87c0,0x00000000c3c80000)
 Metaspace       used 44857K, capacity 46872K, committed 46976K, reserved 1089536K
  class space    used 6207K, capacity 6714K, committed 6784K, reserved 1048576K
Event: 671.721 GC heap after
Heap after GC invocations=18 (full 3):
 PSYoungGen      total 221184K, used 4112K [0x00000000eab00000, 0x00000000fe580000, 0x0000000100000000)
  eden space 205824K, 0% used [0x00000000eab00000,0x00000000eab00000,0x00000000f7400000)
  from space 15360K, 26% used [0x00000000f7400000,0x00000000f7804148,0x00000000f8300000)
  to   space 14848K, 0% used [0x00000000fd700000,0x00000000fd700000,0x00000000fe580000)
 ParOldGen       total 61952K, used 37545K [0x00000000c0000000, 0x00000000c3c80000, 0x00000000eab00000)
  object space 61952K, 60% used [0x00000000c0000000,0x00000000c24aa7c0,0x00000000c3c80000)
 Metaspace       used 44857K, capacity 46872K, committed 46976K, reserved 1089536K
  class space    used 6207K, capacity 6714K, committed 6784K, reserved 1048576K
}
Event: 672.904 GC heap before
{Heap before GC invocations=19 (full 3):
 PSYoungGen      total 221184K, used 114906K [0x00000000eab00000, 0x00000000fe580000, 0x0000000100000000)
  eden space 205824K, 53% used [0x00000000eab00000,0x00000000f1732760,0x00000000f7400000)
  from space 15360K, 26% used [0x00000000f7400000,0x00000000f7804148,0x00000000f8300000)
  to   space 14848K, 0% used [0x00000000fd700000,0x00000000fd700000,0x00000000fe580000)
 ParOldGen       total 61952K, used 37545K [0x00000000c0000000, 0x00000000c3c80000, 0x00000000eab00000)
  object space 61952K, 60% used [0x00000000c0000000,0x00000000c24aa7c0,0x00000000c3c80000)
 Metaspace       used 45955K, capacity 48176K, committed 48384K, reserved 1091584K
  class space    used 6333K, capacity 6860K, committed 6912K, reserved 1048576K
Event: 672.913 GC heap after
Heap after GC invocations=19 (full 3):
 PSYoungGen      total 305152K, used 4772K [0x00000000eab00000, 0x00000000fe380000, 0x0000000100000000)
  eden space 292352K, 0% used [0x00000000eab00000,0x00000000eab00000,0x00000000fc880000)
  from space 12800K, 37% used [0x00000000fd700000,0x00000000fdba9328,0x00000000fe380000)
  to   space 13824K, 0% used [0x00000000fc880000,0x00000000fc880000,0x00000000fd600000)
 ParOldGen       total 61952K, used 39574K [0x00000000c0000000, 0x00000000c3c80000, 0x00000000eab00000)
  object space 61952K, 63% used [0x00000000c0000000,0x00000000c26a5980,0x00000000c3c80000)
 Metaspace       used 45955K, capacity 48176K, committed 48384K, reserved 1091584K
  class space    used 6333K, capacity 6860K, committed 6912K, reserved 1048576K
}
Event: 672.913 GC heap before
{Heap before GC invocations=20 (full 4):
 PSYoungGen      total 305152K, used 4772K [0x00000000eab00000, 0x00000000fe380000, 0x0000000100000000)
  eden space 292352K, 0% used [0x00000000eab00000,0x00000000eab00000,0x00000000fc880000)
  from space 12800K, 37% used [0x00000000fd700000,0x00000000fdba9328,0x00000000fe380000)
  to   space 13824K, 0% used [0x00000000fc880000,0x00000000fc880000,0x00000000fd600000)
 ParOldGen       total 61952K, used 39574K [0x00000000c0000000, 0x00000000c3c80000, 0x00000000eab00000)
  object space 61952K, 63% used [0x00000000c0000000,0x00000000c26a5980,0x00000000c3c80000)
 Metaspace       used 45955K, capacity 48176K, committed 48384K, reserved 1091584K
  class space    used 6333K, capacity 6860K, committed 6912K, reserved 1048576K
Event: 673.412 GC heap after
Heap after GC invocations=20 (full 4):
 PSYoungGen      total 305152K, used 0K [0x00000000eab00000, 0x00000000fe380000, 0x0000000100000000)
  eden space 292352K, 0% used [0x00000000eab00000,0x00000000eab00000,0x00000000fc880000)
  from space 12800K, 0% used [0x00000000fd700000,0x00000000fd700000,0x00000000fe380000)
  to   space 13824K, 0% used [0x00000000fc880000,0x00000000fc880000,0x00000000fd600000)
 ParOldGen       total 61952K, used 42558K [0x00000000c0000000, 0x00000000c3c80000, 0x00000000eab00000)
  object space 61952K, 68% used [0x00000000c0000000,0x00000000c298f898,0x00000000c3c80000)
 Metaspace       used 45878K, capacity 48024K, committed 48384K, reserved 1091584K
  class space    used 6309K, capacity 6832K, committed 6912K, reserved 1048576K
}

Deoptimization events (10 events):
Event: 680.361 Thread 0x00000000582c8000 Uncommon trap: reason=bimorphic action=maybe_recompile pc=0x0000000003f67ad4 method=com.sun.org.apache.xerces.internal.dom.CoreDocumentImpl.isKidOK(Lorg/w3c/dom/Node;Lorg/w3c/dom/Node;)Z @ 39
Event: 680.361 Thread 0x00000000582c8000 Uncommon trap: reason=bimorphic action=maybe_recompile pc=0x0000000003f4c464 method=com.sun.org.apache.xerces.internal.dom.NodeImpl.changed()V @ 1
Event: 680.361 Thread 0x00000000582c8000 Uncommon trap: reason=bimorphic action=maybe_recompile pc=0x0000000003f67ad4 method=com.sun.org.apache.xerces.internal.dom.CoreDocumentImpl.isKidOK(Lorg/w3c/dom/Node;Lorg/w3c/dom/Node;)Z @ 39
Event: 680.361 Thread 0x00000000582c8000 Uncommon trap: reason=bimorphic action=maybe_recompile pc=0x0000000003f4c464 method=com.sun.org.apache.xerces.internal.dom.NodeImpl.changed()V @ 1
Event: 680.361 Thread 0x00000000582c8000 Uncommon trap: reason=bimorphic action=maybe_recompile pc=0x0000000003f67ad4 method=com.sun.org.apache.xerces.internal.dom.CoreDocumentImpl.isKidOK(Lorg/w3c/dom/Node;Lorg/w3c/dom/Node;)Z @ 39
Event: 680.361 Thread 0x00000000582c8000 Uncommon trap: reason=bimorphic action=maybe_recompile pc=0x0000000003f4c464 method=com.sun.org.apache.xerces.internal.dom.NodeImpl.changed()V @ 1
Event: 680.361 Thread 0x00000000582c8000 Uncommon trap: reason=bimorphic action=maybe_recompile pc=0x0000000003f67ad4 method=com.sun.org.apache.xerces.internal.dom.CoreDocumentImpl.isKidOK(Lorg/w3c/dom/Node;Lorg/w3c/dom/Node;)Z @ 39
Event: 680.361 Thread 0x00000000582c8000 Uncommon trap: reason=bimorphic action=maybe_recompile pc=0x0000000003f4c464 method=com.sun.org.apache.xerces.internal.dom.NodeImpl.changed()V @ 1
Event: 680.361 Thread 0x00000000582c8000 Uncommon trap: reason=bimorphic action=maybe_recompile pc=0x0000000003f4c0a8 method=com.sun.org.apache.xerces.internal.dom.CoreDocumentImpl.isKidOK(Lorg/w3c/dom/Node;Lorg/w3c/dom/Node;)Z @ 39
Event: 680.362 Thread 0x00000000582c8000 Uncommon trap: reason=unstable_if action=reinterpret pc=0x000000000300fd40 method=com.sun.org.apache.xerces.internal.dom.ParentNode.nodeListItem(I)Lorg/w3c/dom/Node; @ 101

Internal exceptions (10 events):
Event: 679.677 Thread 0x00000000582c8000 Exception <a 'java/lang/ClassNotFoundException': com/android/ide/common/res2/AssetSetBeanInfo> (0x00000000f1c89610) thrown at [C:\workspace\8-2-build-windows-amd64-cygwin\jdk8u65\4987\hotspot\src\share\vm\classfile\systemDictionary.cpp, line 210]
Event: 679.678 Thread 0x00000000582c8000 Exception <a 'java/lang/ClassNotFoundException': com/android/ide/common/res2/DataSetBeanInfo> (0x00000000f1c96e08) thrown at [C:\workspace\8-2-build-windows-amd64-cygwin\jdk8u65\4987\hotspot\src\share\vm\classfile\systemDictionary.cpp, line 210]
Event: 679.678 Thread 0x00000000582c8000 Exception <a 'java/lang/ClassNotFoundException': com/android/ide/common/res2/DataSetCustomizer> (0x00000000f1ca4970) thrown at [C:\workspace\8-2-build-windows-amd64-cygwin\jdk8u65\4987\hotspot\src\share\vm\classfile\systemDictionary.cpp, line 210]
Event: 679.679 Thread 0x00000000582c8000 Exception <a 'java/lang/ClassNotFoundException': com/android/ide/common/res2/AssetSetCustomizer> (0x00000000f1ccf478) thrown at [C:\workspace\8-2-build-windows-amd64-cygwin\jdk8u65\4987\hotspot\src\share\vm\classfile\systemDictionary.cpp, line 210]
Event: 679.697 Thread 0x00000000582c8000 Exception <a 'java/lang/ClassNotFoundException': com/android/ide/common/res2/MergedAssetWriterBeanInfo> (0x00000000f1d20108) thrown at [C:\workspace\8-2-build-windows-amd64-cygwin\jdk8u65\4987\hotspot\src\share\vm\classfile\systemDictionary.cpp, line 210]
Event: 679.697 Thread 0x00000000582c8000 Exception <a 'java/lang/ClassNotFoundException': com/android/ide/common/res2/MergeWriterBeanInfo> (0x00000000f1d2e060) thrown at [C:\workspace\8-2-build-windows-amd64-cygwin\jdk8u65\4987\hotspot\src\share\vm\classfile\systemDictionary.cpp, line 210]
Event: 679.697 Thread 0x00000000582c8000 Exception <a 'java/lang/ClassNotFoundException': com/android/ide/common/res2/MergeWriterCustomizer> (0x00000000f1d3c318) thrown at [C:\workspace\8-2-build-windows-amd64-cygwin\jdk8u65\4987\hotspot\src\share\vm\classfile\systemDictionary.cpp, line 210]
Event: 679.697 Thread 0x00000000582c8000 Exception <a 'java/lang/ClassNotFoundException': com/android/ide/common/res2/MergedAssetWriterCustomizer> (0x00000000f1d4f0b8) thrown at [C:\workspace\8-2-build-windows-amd64-cygwin\jdk8u65\4987\hotspot\src\share\vm\classfile\systemDictionary.cpp, line 210≈ ¨Á?Ö@
Event: 679.887 Thread 0x00000000582c8000 Implicit null exception at 0x00000000038a60a7 to 0x00000000038a6841
Event: 679.887 Thread 0x00000000582c8000 Implicit null exception at 0x00000000031f4d24 to 0x00000000031f8941

Events (10 events):
Event: 680.934 Thread 0x0000000058b73800 Thread added: 0x0000000058b73800
Event: 680.941 Thread 0x0000000058b74000 Thread added: 0x0000000058b74000
Event: 680.942 Thread 0x0000000058b75000 Thread added: 0x0000000058b75000
Event: 680.948 Thread 0x0000000058a63800 Thread added: 0x0000000058a63800
Event: 680.948 Thread 0x0000000058a64800 Thread added: 0x0000000058a64800
Event: 680.951 loading class com/android/builder/tasks/JobContext
Event: 680.951 loading class com/android/builder/tasks/JobContext done
Event: 680.951 loading class com/android/builder/png/AaptProcess$NotifierProcessOutput
Event: 680.951 loading class com/android/builder/png/AaptProcess$NotifierProcessOutput done
Event: 680.952 Executing VM operation: RevokeBias


Dynamic libraries:
0x000000013f420000 - 0x000000013f457000 	C:\Program Files\Java\jdk1.8.0_65\bin\java.exe
0x0000000076ec0000 - 0x000000007706a000 	C:\Windows\SYSTEM32\ntdll.dll
0x0000000076ca0000 - 0x0000000076dbf000 	C:\Windows\system32\kernel32.dll
0x000007fefcf30000 - 0x000007fefcf9b000 	C:\Windows\system32\KERNELBASE.dll
0x000007fefe7b0000 - 0x000007fefe88b000 	C:\Windows\system32\ADVAPI32.dll
0x000007fefd010000 - 0x000007fefd0af000 	C:\Windows\system32\msvcrt.dll
0x000007fefe510000 - 0x000007fefe52f000 	C:\Windows\SYSTEM32\sechost.dll
0x000007fefd510000 - 0x000007fefd63d000 	C:\Windows\system32\RPCRT4.dll
0x0000000076dc0000 - 0x0000000076eba000 	C:\Windows\system32\USER32.dll
0x000007fefe930000 - 0x000007fefe997000 	C:\Windows\system32\GDI32.dll
0x000007fefd2f0000 - 0x000007fefd2fe000 	C:\Windows\system32\LPK.dll
0x000007fefe440000 - 0x000007fefe50a000 	C:\Windows\system32\USP10.dll
0x000007fefaf90000 - 0x000007fefb184000 	C:\Windows\WinSxS\amd64_microsoft.windows.common-controls_6595b64144ccf1df_6.0.7601.18837_none_fa3b1e3d17594757\COMCTL32.dll
0x000007fefeec0000 - 0x000007fefef31000 	C:\Windows\system32\SHLWAPI.dll
0x000007fefd130000 - 0x000007fefd15e000 	C:\Windows\system32\IMM32.DLL
0x000007fefe9a0000 - 0x000007fefeaa9000 	C:\Windows\system32\MSCTF.dll
0x000000005ab20000 - 0x000000005abf2000 	C:\Program Files\Java\jdk1.8.0_65\jre\bin\msvcr100.dll
0x000000005cf50000 - 0x000000005d7d9000 	C:\Program Files\Java\jdk1.8.0_65\jre\bin\server\jvm.dll
0x000007fef6e30000 - 0x000007fef6e39000 	C:\Windows\system32\WSOCK32.dll
0x000007fefe3f0000 - 0x000007fefe43d000 	C:\Windows\system32\WS2_32.dll
0x000007fefd000000 - 0x000007fefd008000 	C:\Windows\system32\NSI.dll
0x000007fefad80000 - 0x000007fefadbb000 	C:\Windows\system32\WINMM.dll
0x000007fefbd20000 - 0x000007fefbd2c000 	C:\Windows\system32\VERSION.dll
0x0000000077080000 - 0x0000000077087000 	C:\Windows\system32\PSAPI.DLL
0x0000000074950000 - 0x000000007495f000 	C:\Program Files\Java\jdk1.8.0_65\jre\bin\verify.dll
0x000000005ecc0000 - 0x000000005ece9000 	C:\Program Files\Java\jdk1.8.0_65\jre\bin\java.dll
0x000000005f0a0000 - 0x000000005f0b6000 	C:\Program Files\Java\jdk1.8.0_65\jre\bin\zip.dll
0x000007fefd640000 - 0x000007fefe3c9000 	C:\Windows\system32\SHELL32.dll
0x000007fefd300000 - 0x000007fefd503000 	C:\Windows\system32\ole32.dll
0x000007fefcc40000 - 0x000007fefcc4f000 	C:\Windows\system32\profapi.dll
0x000000005ea10000 - 0x000000005ea2a000 	C:\Program Files\Java\jdk1.8.0_65\jre\bin\net.dll
0x000007fefc420000 - 0x000007fefc475000 	C:\Windows\system32\mswsock.dll
0x000007fefc410000 - 0x000007fefc417000 	C:\Windows\System32\wship6.dll
0x000000005e9f0000 - 0x000000005ea01000 	C:\Program Files\Java\jdk1.8.0_65\jre\bin\nio.dll
0x000007fef4c60000 - 0x000007fef4c72000 	C:\Users\pb5n0160\.gradle\native\19\windows-amd64\native-platform.dll
0x000007fefa010000 - 0x000007fefa037000 	C:\Windows\system32\IPHLPAPI.DLL
0x000007fef9ff0000 - 0x000007fef9ffb000 	C:\Windows\system32\WINNSI.DLL
0x000007fef9e00000 - 0x000007fef9e18000 	C:\Windows\system32\dhcpcsvc.DLL
0x000007fef9de0000 - 0x000007fef9df1000 	C:\Windows\system32\dhcpcsvc6.DLL
0x000007fefc480000 - 0x000007fefc498000 	C:\Windows\system32\CRYPTSP.dll
0x000007fefc180000 - 0x000007fefc1c7000 	C:\Windows\system32\rsaenh.dll
0x000007fefcef0000 - 0x000007fefcf0e000 	C:\Windows\system32\USERENV.dll
0x000007fefcae0000 - 0x000007fefcaef000 	C:\Windows\system32\CRYPTBASE.dll
0x000007fefca80000 - 0x000007fefcad7000 	C:\Windows\system32\apphelp.dll
0x0000000069340000 - 0x000000006934d000 	C:\Program Files\Java\jdk1.8.0_65\jre\bin\management.dll
0x000007fee77b0000 - 0x000007fee78d5000 	C:\Windows\system32\dbghelp.dll

VM Arguments:
jvm_args: -XX:MaxPermSize=256m -XX:+HeapDumpOnOutOfMemoryError -Xmx1024m -Dfile.encoding=windows-1252 -Duser.country=US -Duser.language=en -Duser.variant 
java_command: org.gradle.launcher.daemon.bootstrap.GradleDaemon 2.8
java_class_path (initial): C:\Users\pb5n0160\.gradle\wrapper\dists\gradle-2.8-all\ah86jmo43de9lfa8xg9ux3c4h\gradle-2.8\lib\gradle-launcher-2.8.jar
Launcher Type: SUN_STANDARD

Environment Variables:
PATH=C:\Ruby21\bin;C:\ProgramData\Oracle\Java\javapath;C:\Windows\system32;C:\Windows;C:\Windows\System32\Wbem;C:\Windows\System32\WindowsPowerShell\v1.0\;z:\orant\bin;;z:\orant\net80;"z:\cognos\impromptu 5.0";C:\Program Files\TortoiseSVN\bin;C:\Strawberry\c\bin;C:\Strawberry\perl\site\bin;C:\Strawberry\perl\bin;C:\Windows\System32\WindowsPowerShell\v1.0\;C:\Program Files (x86)\Microsoft SQL Server\100\Tools\Binn\;C:\Program Files\Microsoft SQL Server\100\Tools\Binn\;C:\Program Files\Microsoft SQL Server\100\DTS\Binn\;C:\Program Files (x86)\Skype\Phone\;C:\Users\pb5n0160\AppData\Local\GitHub\PortableGit_284a859b0e6deba86edc624fef1e4db2aa8241a9\cmd;C:\Program Files (x86)\Atmel\sam-ba_2.15\drv\;C:\Program Files (x86)\Atmel\sam-ba_2.15;C:\MinGW\bin;C:\Qt\Qt5.5.0\5.5\msvc2013_64\bin;C:\Users\pb5n0160\AppData\Local\GitHub\PortableGit_284a859b0e6deba86edc624fef1e4db2aa8241a9\cmd
USERNAME=PB5N0160
OS=Windows_NT
PROCESSOR_IDENTIFIER=Intel64 Family 6 Model 61 Stepping 4, GenuineIntel



---------------  S Y S T E M  ---------------

OS: Windows 7 , 64 bit Build 7601 (6.1.7601.19160)

CPU:total 4 (2 cores per cpu, 2 threads per core) family 6 model 61 stepping 4, cmov, cx8, fxsr, mmx, sse, sse2, sse3, ssse3, sse4.1, sse4.2, popcnt, avx, avx2, aes, clmul, erms, 3dnowpref, lzcnt, ht, tsc, tscinvbit, bmi1, bmi2, adx

Memory: 4k page, physical 8116412k(3379692k free), swap 16230988k(10817296k free)

vm_info: Java HotSpot(TM) 64-Bit Server VM (25.65-b01) for windows-amd64 JRE (1.8.0_65-b17), built on Oct  6 2015 16:39:20 by "java_re" with MS VC++ 10.0 (VS2010)

time: Tue Oct 18 11:06:20 2016
elapsed time: 681 seconds (0d 0h 11m 21s)

